Build started 2016/11/27 13:51:12.
     1>Project "E:\tmp\New Folder (5)\MpegTsAnalyzer_V1.0\MpegTsAnalyzer.vcxproj" on node 2 (build target(s)).
     1>InitializeBuildStatus:
         Touching "Debug\MpegTsAnalyzer.unsuccessfulbuild".
       ClCompile:
         C:\Program Files (x86)\Microsoft Visual Studio 10.0\VC\bin\CL.exe /c /I\libc2 /ZI /nologo /W3 /WX- /Od /Oy- /D WIN32 /D _DEBUG /D _CONSOLE /D _MBCS /Gm /EHsc /RTC1 /MDd /GS /fp:precise /Zc:wchar_t /Zc:forScope /Fo"Debug\\" /Fd"Debug\vc100.pdb" /Gd /TC /analyze- /errorReport:prompt ..\..\Library\libc2\ByteStream.c BitStream.c H264VideoDecoder.c MpegPesDemux.c MpegPesPacketReader.c MpegTsDemux.c MpegTsPacketReader.c Nal.c
         Nal.c
     1>e:\tmp\new folder (5)\mpegtsanalyzer_v1.0\nal.h(4): fatal error C1083: Cannot open include file: 'BaseTypeDef.h': No such file or directory
         MpegTsPacketReader.c
     1>e:\tmp\new folder (5)\mpegtsanalyzer_v1.0\mpegtspacketreader.h(4): fatal error C1083: Cannot open include file: 'BaseTypeDef.h': No such file or directory
         MpegTsDemux.c
     1>e:\tmp\new folder (5)\mpegtsanalyzer_v1.0\mpegts.h(43): error C2061: syntax error : identifier 'BOOL'
     1>e:\tmp\new folder (5)\mpegtsanalyzer_v1.0\mpegts.h(44): error C2061: syntax error : identifier 'iPayloadSize'
     1>e:\tmp\new folder (5)\mpegtsanalyzer_v1.0\mpegts.h(44): error C2059: syntax error : ';'
     1>e:\tmp\new folder (5)\mpegtsanalyzer_v1.0\mpegts.h(45): error C2061: syntax error : identifier 'pPayloadAddr'
     1>e:\tmp\new folder (5)\mpegtsanalyzer_v1.0\mpegts.h(45): error C2059: syntax error : ';'
     1>e:\tmp\new folder (5)\mpegtsanalyzer_v1.0\mpegts.h(46): error C2061: syntax error : identifier 'bPcrBaseAvailable'
     1>e:\tmp\new folder (5)\mpegtsanalyzer_v1.0\mpegts.h(46): error C2059: syntax error : ';'
     1>e:\tmp\new folder (5)\mpegtsanalyzer_v1.0\mpegts.h(47): error C2061: syntax error : identifier 'uiPcrBase'
     1>e:\tmp\new folder (5)\mpegtsanalyzer_v1.0\mpegts.h(47): error C2059: syntax error : ';'
     1>e:\tmp\new folder (5)\mpegtsanalyzer_v1.0\mpegts.h(48): error C2059: syntax error : '}'
     1>e:\tmp\new folder (5)\mpegtsanalyzer_v1.0\mpegtspacketreader.h(4): fatal error C1083: Cannot open include file: 'BaseTypeDef.h': No such file or directory
         MpegPesPacketReader.c
     1>e:\tmp\new folder (5)\mpegtsanalyzer_v1.0\mpegpespacketreader.h(4): fatal error C1083: Cannot open include file: 'BaseTypeDef.h': No such file or directory
         MpegPesDemux.c
     1>e:\tmp\new folder (5)\mpegtsanalyzer_v1.0\mpegtspacketreader.h(4): fatal error C1083: Cannot open include file: 'BaseTypeDef.h': No such file or directory
         H264VideoDecoder.c
     1>e:\tmp\new folder (5)\mpegtsanalyzer_v1.0\mpegpespacketreader.h(4): fatal error C1083: Cannot open include file: 'BaseTypeDef.h': No such file or directory
         BitStream.c
     1>e:\tmp\new folder (5)\mpegtsanalyzer_v1.0\bitstream.h(7): fatal error C1083: Cannot open include file: 'BaseTypeDef.h': No such file or directory
         ByteStream.c
     1>c1 : fatal error C1083: Cannot open source file: '..\..\Library\libc2\ByteStream.c': No such file or directory
         Generating Code...
     1>Done Building Project "E:\tmp\New Folder (5)\MpegTsAnalyzer_V1.0\MpegTsAnalyzer.vcxproj" (build target(s)) -- FAILED.

Build FAILED.

Time Elapsed 00:00:00.79
